**********************
Windows PowerShell transcript start
Start time: 20250319031754
Username: WIN-71PFMNIJMJ1\Administrator
RunAs User: WIN-71PFMNIJMJ1\Administrator
Configuration Name: 
Machine: WIN-71PFMNIJMJ1 (Microsoft Windows NT 10.0.20348.0)
Host Application: C:\Windows\System32\WindowsPowerShell\v1.0\powershell.exe -Command if((Get-ExecutionPolicy ) -ne 'AllSigned') { Set-ExecutionPolicy -Scope Process Bypass }; & 'C:\Users\Administrator\Desktop\Drift_Oppsett-main\windowserver1.ps1'
Process ID: 3108
PSVersion: 5.1.20348.1850
PSEdition: Desktop
PSCompatibleVersions: 1.0, 2.0, 3.0, 4.0, 5.0, 5.1.20348.1850
BuildVersion: 10.0.20348.1850
CLRVersion: 4.0.30319.42000
WSManStackVersion: 3.0
PSRemotingProtocolVersion: 2.3
SerializationVersion: 1.1.0.1
**********************
Transcript started, output file is C:\Logs\windowserver1.log
WARNING: The changes will take effect after you restart the computer WIN-71PFMNIJMJ1.
PS>TerminatingError(New-NetIPAddress): "The running command stopped because the preference variable "ErrorActionPreference" or common parameter is set to Stop: Invalid parameter InterfaceAlias vEthernet (external)
"
C:\Users\Administrator\Desktop\Drift_Oppsett-main\windowserver1.ps1 : Failed to add IP address: Invalid parameter Interf
aceAlias vEthernet (external)

At line:1 char:91
+ ... s Bypass }; & 'C:\Users\Administrator\Desktop\Drift_Oppsett-main\wind ...
+                 ~~~~~~~~~~~~~~~~~~~~~~~~~~~~~~~~~~~~~~~~~~~~~~~~~~~~~~~~~
    + CategoryInfo          : NotSpecified: (:) [Write-Error], WriteErrorException
    + FullyQualifiedErrorId : Microsoft.PowerShell.Commands.WriteErrorException,windowserver1.ps1
C:\Users\Administrator\Desktop\Drift_Oppsett-main\windowserver1.ps1 : Failed to add IP address: Invalid parameter Inter
faceAlias vEthernet (external)

At line:1 char:91
+ ... s Bypass }; & 'C:\Users\Administrator\Desktop\Drift_Oppsett-main\wind ...
+                 ~~~~~~~~~~~~~~~~~~~~~~~~~~~~~~~~~~~~~~~~~~~~~~~~~~~~~~~~~
    + CategoryInfo          : NotSpecified: (:) [Write-Error], WriteErrorException
    + FullyQualifiedErrorId : Microsoft.PowerShell.Commands.WriteErrorException,windowserver1.ps1

WARNING: The following recommended condition is not met for DHCP: No static IP addresses were found on this computer. If the IP address changes, clients might not be able to contact this server. Please configure a static IP address before installing DHCP Server.
WARNING: The following recommended condition is not met for DNS: No static IP addresses were found on this computer. If the IP address changes, clients might not be able to contact this server. Please configure a static IP address on this computer before installing DNS Server.

Success Restart Needed Exit Code      Feature Result
------- -------------- ---------      --------------
True    Yes            SuccessRest... {Active Directory Domain Services, DHCP Se...
WARNING: You must restart this server to finish the installation process.
**********************
Windows PowerShell transcript end
End time: 20250319032155
**********************
