Transcript started, output file is C:\Logs\windowserver2.log
PS>TerminatingError(Set-DnsClientServerAddress): "Cannot validate argument on parameter 'InterfaceAlias'. The argument is null. Provide a valid value for the argument, and then try running the command again."
C:\Users\Administrator\Desktop\Drift_Oppsett-main\windowserver2.ps1 : Failed to set DNS server address: Cannot validate 
argument on parameter 'InterfaceAlias'. The argument is null. Provide a valid value for the argument, and then try runni
ng the command again.
At line:1 char:91
+ ... s Bypass }; & 'C:\Users\Administrator\Desktop\Drift_Oppsett-main\wind ...
+                 ~~~~~~~~~~~~~~~~~~~~~~~~~~~~~~~~~~~~~~~~~~~~~~~~~~~~~~~~~
    + CategoryInfo          : NotSpecified: (:) [Write-Error], WriteErrorException
    + FullyQualifiedErrorId : Microsoft.PowerShell.Commands.WriteErrorException,windowserver2.ps1
C:\Users\Administrator\Desktop\Drift_Oppsett-main\windowserver2.ps1 : Failed to set DNS server address: Cannot validate
 argument on parameter 'InterfaceAlias'. The argument is null. Provide a valid value for the argument, and then try run
ning the command again.
At line:1 char:91
+ ... s Bypass }; & 'C:\Users\Administrator\Desktop\Drift_Oppsett-main\wind ...
+                 ~~~~~~~~~~~~~~~~~~~~~~~~~~~~~~~~~~~~~~~~~~~~~~~~~~~~~~~~~
    + CategoryInfo          : NotSpecified: (:) [Write-Error], WriteErrorException
    + FullyQualifiedErrorId : Microsoft.PowerShell.Commands.WriteErrorException,windowserver2.ps1

PS>TerminatingError(New-VMSwitch): "The running command stopped because the preference variable "ErrorActionPreference" or common parameter is set to Stop: Physical network adapter 'External' not found."
C:\Users\Administrator\Desktop\Drift_Oppsett-main\windowserver2.ps1 : Failed to create virtual switch: Physical network 
adapter 'External' not found.
At line:1 char:91
+ ... s Bypass }; & 'C:\Users\Administrator\Desktop\Drift_Oppsett-main\wind ...
+                 ~~~~~~~~~~~~~~~~~~~~~~~~~~~~~~~~~~~~~~~~~~~~~~~~~~~~~~~~~
    + CategoryInfo          : NotSpecified: (:) [Write-Error], WriteErrorException
    + FullyQualifiedErrorId : Microsoft.PowerShell.Commands.WriteErrorException,windowserver2.ps1
C:\Users\Administrator\Desktop\Drift_Oppsett-main\windowserver2.ps1 : Failed to create virtual switch: Physical network
 adapter 'External' not found.
At line:1 char:91
+ ... s Bypass }; & 'C:\Users\Administrator\Desktop\Drift_Oppsett-main\wind ...
+                 ~~~~~~~~~~~~~~~~~~~~~~~~~~~~~~~~~~~~~~~~~~~~~~~~~~~~~~~~~
    + CategoryInfo          : NotSpecified: (:) [Write-Error], WriteErrorException
    + FullyQualifiedErrorId : Microsoft.PowerShell.Commands.WriteErrorException,windowserver2.ps1


